<?xml version="1.0" encoding="utf-8"?><testsuites name="pytest tests"><testsuite name="pytest" errors="0" failures="0" skipped="0" tests="20" time="3.261" timestamp="2026-06-26T20:33:52.331119+00:00" hostname="agent-env-a8dc2ae2-9341-426f-aae4-dfe0dd7c621c"><testcase classname="tests.test_recolecta_api.TestAuth" name="test_request_otp_returns_mock_code" time="0.136" /><testcase classname="tests.test_recolecta_api.TestAuth" name="test_invalid_otp_rejected" time="0.209" /><testcase classname="tests.test_recolecta_api.TestAuth" name="test_phone_too_short" time="0.101" /><testcase classname="tests.test_recolecta_api.TestAuth" name="test_seeded_resident_login_no_name_needed" time="0.195" /><testcase classname="tests.test_recolecta_api.TestAuth" name="test_seeded_admin_login" time="0.202" /><testcase classname="tests.test_recolecta_api.TestAuth" name="test_seeded_driver_login" time="0.211" /><testcase classname="tests.test_recolecta_api.TestMe" name="test_me_returns_user" time="0.100" /><testcase classname="tests.test_recolecta_api.TestMe" name="test_me_requires_token" time="0.099" /><testcase classname="tests.test_recolecta_api.TestMe" name="test_update_address_persists" time="0.206" /><testcase classname="tests.test_recolecta_api.TestEta" name="test_resident_eta_available" time="0.200" /><testcase classname="tests.test_recolecta_api.TestTrucks" name="test_list_trucks" time="0.102" /><testcase classname="tests.test_recolecta_api.TestTrucks" name="test_resident_cannot_create_truck" time="0.095" /><testcase classname="tests.test_recolecta_api.TestTrucks" name="test_admin_create_truck" time="0.100" /><testcase classname="tests.test_recolecta_api.TestSpecialPickups" name="test_resident_create_pickup_and_notification" time="0.310" /><testcase classname="tests.test_recolecta_api.TestSpecialPickups" name="test_admin_schedule_pickup" time="0.197" /><testcase classname="tests.test_recolecta_api.TestRoleSeparation" name="test_resident_cannot_access_admin_stats" time="0.097" /><testcase classname="tests.test_recolecta_api.TestRoleSeparation" name="test_driver_cannot_access_admin_stats" time="0.100" /><testcase classname="tests.test_recolecta_api.TestRoleSeparation" name="test_admin_can_access_stats" time="0.105" /><testcase classname="tests.test_recolecta_api.TestRoutes" name="test_driver_sees_own_routes_and_mark_collected" time="0.201" /><testcase classname="tests.test_recolecta_api.TestTruckLocation" name="test_driver_can_update_own_truck_location" time="0.229" /></testsuite></testsuites>